DEBUG [nes] Loaded rom:"donkey kong.nes"
INFO [nes::cpu] C79E  78 D8     SEI A:00 X:00 Y:00 P:24 SP:FD
INFO [nes::cpu] C79F  D8 A9     CLD A:00 X:00 Y:00 P:24 SP:FD
INFO [nes::cpu] C7A0  A9 10     LDA A:00 X:00 Y:00 P:24 SP:FD
INFO [nes::cpu] C7A2  8D 00     STA A:10 X:00 Y:00 P:24 SP:FD
INFO [nes::cpu] C7A5  A2 FF     LDX A:10 X:00 Y:00 P:24 SP:FD
INFO [nes::cpu] C7A7  9A AD     TXS A:10 X:FF Y:00 P:A4 SP:FD
INFO [nes::cpu] C7A8  AD 02     LDA A:10 X:FF Y:00 P:A4 SP:FF
INFO [nes::cpu] C7AB  29 80     AND A:00 X:FF Y:00 P:26 SP:FF
INFO [nes::cpu] C7AD  F0 F9     BEQ A:00 X:FF Y:00 P:26 SP:FF
INFO [nes::cpu] C89F  20 7C     JSR A:00 X:FF Y:00 P:26 SP:FF
INFO [nes::cpu] CE7C  A5 58     LDA A:00 X:FF Y:00 P:26 SP:FD
INFO [nes::cpu] CE7E  F0 14     BEQ A:00 X:FF Y:00 P:26 SP:FD
INFO [nes::cpu] CF70  A5 11     LDA A:00 X:FF Y:00 P:26 SP:FD
INFO [nes::cpu] CF72  29 EF     AND A:00 X:FF Y:00 P:26 SP:FD
INFO [nes::cpu] CF74  85 11     STA A:00 X:FF Y:00 P:26 SP:FD
INFO [nes::cpu] CF76  4C 87     JMP A:00 X:FF Y:00 P:26 SP:FD
INFO [nes::cpu] CF87  A9 40     LDA A:00 X:FF Y:00 P:26 SP:FD
INFO [nes::cpu] CF89  8D 17     STA A:40 X:FF Y:00 P:24 SP:FD
INFO [nes::cpu] CF8C  85 FD     STA A:40 X:FF Y:00 P:24 SP:FD
INFO [nes::cpu] CF8E  60 8D     RTS A:40 X:FF Y:00 P:24 SP:FD
INFO [nes::cpu] C8A2  4C D7     JMP A:40 X:FF Y:00 P:24 SP:FF
INFO [nes::cpu] C8D7  AD 05     LDA A:40 X:FF Y:00 P:24 SP:FF
INFO [nes::cpu] C8DA  C9 01     CMP A:00 X:FF Y:00 P:26 SP:FF
INFO [nes::cpu] C8DC  D0 0A     BNE A:00 X:FF Y:00 P:A4 SP:FF
INFO [nes::cpu] C9AE  18 85     CLC A:00 X:FF Y:00 P:A4 SP:FF
INFO [nes::cpu] C9AF  85 51     STA A:00 X:FF Y:00 P:A4 SP:FF
INFO [nes::cpu] C9B1  A5 50     LDA A:00 X:FF Y:00 P:A4 SP:FF
INFO [nes::cpu] C9B3  29 01     AND A:00 X:FF Y:00 P:26 SP:FF
INFO [nes::cpu] C9B5  0A AA     ASL A:00 X:FF Y:00 P:26 SP:FF
INFO [nes::cpu] C9B6  AA BD     TAX A:00 X:FF Y:00 P:26 SP:FF
INFO [nes::cpu] C9B7  BD 07     LDA A:00 X:00 Y:00 P:26 SP:FF
INFO [nes::cpu] C9BA  85 21     STA A:00 X:00 Y:00 P:26 SP:FF
INFO [nes::cpu] C9BC  BD 08     LDA A:00 X:00 Y:00 P:26 SP:FF
INFO [nes::cpu] C9BF  85 22     STA A:00 X:00 Y:00 P:26 SP:FF
INFO [nes::cpu] C9C1  A9 0F     LDA A:00 X:00 Y:00 P:26 SP:FF
INFO [nes::cpu] C9C3  85 18     STA A:0F X:00 Y:00 P:24 SP:FF
INFO [nes::cpu] C9C5  A9 13     LDA A:0F X:00 Y:00 P:24 SP:FF
INFO [nes::cpu] C9C7  85 19     STA A:13 X:00 Y:00 P:24 SP:FF
INFO [nes::cpu] C9C9  A9 00     LDA A:13 X:00 Y:00 P:24 SP:FF
INFO [nes::cpu] C9CB  85 4E     STA A:00 X:00 Y:00 P:26 SP:FF
INFO [nes::cpu] C9CD  8D 06     STA A:00 X:00 Y:00 P:26 SP:FF
INFO [nes::cpu] C9D0  8D 07     STA A:00 X:00 Y:00 P:26 SP:FF
INFO [nes::cpu] C9D3  85 4F     STA A:00 X:00 Y:00 P:26 SP:FF
INFO [nes::cpu] C9D5  8D 10     STA A:00 X:00 Y:00 P:26 SP:FF
INFO [nes::cpu] C9D8  8D 0B     STA A:00 X:00 Y:00 P:26 SP:FF
INFO [nes::cpu] C9DB  8D 12     STA A:00 X:00 Y:00 P:26 SP:FF
INFO [nes::cpu] C9DE  A9 01     LDA A:00 X:00 Y:00 P:26 SP:FF
INFO [nes::cpu] C9E0  85 53     STA A:01 X:00 Y:00 P:24 SP:FF
INFO [nes::cpu] C9E2  8D 00     STA A:01 X:00 Y:00 P:24 SP:FF
INFO [nes::cpu] C9E5  8D 01     STA A:01 X:00 Y:00 P:24 SP:FF
INFO [nes::cpu] C9E8  A9 00     LDA A:01 X:00 Y:00 P:24 SP:FF
INFO [nes::cpu] C9EA  85 54     STA A:00 X:00 Y:00 P:26 SP:FF
INFO [nes::cpu] C9EC  8D 02     STA A:00 X:00 Y:00 P:26 SP:FF
INFO [nes::cpu] C9EF  8D 03     STA A:00 X:00 Y:00 P:26 SP:FF
INFO [nes::cpu] C9F2  A9 00     LDA A:00 X:00 Y:00 P:26 SP:FF
INFO [nes::cpu] C9F4  85 52     STA A:00 X:00 Y:00 P:26 SP:FF
INFO [nes::cpu] C9F6  8D 08     STA A:00 X:00 Y:00 P:26 SP:FF
INFO [nes::cpu] C9F9  8D 09     STA A:00 X:00 Y:00 P:26 SP:FF
INFO [nes::cpu] C9FC  85 FC     STA A:00 X:00 Y:00 P:26 SP:FF
INFO [nes::cpu] C9FE  A9 03     LDA A:00 X:00 Y:00 P:26 SP:FF
INFO [nes::cpu] CA00  A6 58     LDX A:03 X:00 Y:00 P:24 SP:FF
INFO [nes::cpu] CA02  F0 02     BEQ A:03 X:00 Y:00 P:26 SP:FF
INFO [nes::cpu] CAF4  BD CB     LDA A:03 X:00 Y:00 P:26 SP:FF
