DEBUG [nes] Loaded rom:"donkey kong.nes"
INFO [nes::cpu] C79E  78 D8     SEI A:00 X:00 Y:00 P:24 SP:FD
INFO [nes::cpu] C79F  D8 A9     CLD A:00 X:00 Y:00 P:24 SP:FD
INFO [nes::cpu] C7A0  A9 10     LDA A:00 X:00 Y:00 P:24 SP:FD
INFO [nes::cpu] C7A2  8D 00     STA A:10 X:00 Y:00 P:24 SP:FD
INFO [nes::cpu] C7A5  A2 FF     LDX A:10 X:00 Y:00 P:24 SP:FD
INFO [nes::cpu] C7A7  9A AD     TXS A:10 X:FF Y:00 P:A4 SP:FD
INFO [nes::cpu] C7A8  AD 02     LDA A:10 X:FF Y:00 P:A4 SP:FF
INFO [nes::cpu] C7AB  29 80     AND A:00 X:FF Y:00 P:26 SP:FF
INFO [nes::cpu] C7AD  F0 F9     BEQ A:00 X:FF Y:00 P:26 SP:FF
INFO [nes::cpu] C8A8  C9 08     CMP A:00 X:FF Y:00 P:26 SP:FF
INFO [nes::cpu] C8AA  D0 28     BNE A:00 X:FF Y:00 P:A4 SP:FF
INFO [nes::cpu] C8D4  20 C9     JSR A:00 X:FF Y:00 P:A4 SP:FF
INFO [nes::cpu] CAC9  20 AC     JSR A:00 X:FF Y:00 P:A4 SP:FD
INFO [nes::cpu] F4AC  A2 09     LDX A:00 X:FF Y:00 P:A4 SP:FB
INFO [nes::cpu] F4AE  C6 34     DEC A:00 X:09 Y:00 P:24 SP:FB
INFO [nes::cpu] F4B0  10 06     BPL A:00 X:09 Y:00 P:A4 SP:FB
INFO [nes::cpu] F4B2  A9 0A     LDA A:00 X:09 Y:00 P:A4 SP:FB
INFO [nes::cpu] F4B4  85 34     STA A:0A X:09 Y:00 P:24 SP:FB
INFO [nes::cpu] F4B6  A2 10     LDX A:0A X:09 Y:00 P:24 SP:FB
INFO [nes::cpu] F4B8  B5 35     LDA A:0A X:10 Y:00 P:24 SP:FB
INFO [nes::cpu] F4BA  F0 02     BEQ A:00 X:10 Y:00 P:26 SP:FB
INFO [nes::cpu] F4BE  CA 10     DEX A:00 X:10 Y:00 P:26 SP:FB
INFO [nes::cpu] F4BF  10 F7     BPL A:00 X:0F Y:00 P:24 SP:FB
INFO [nes::cpu] F5B8  30 21     BMI A:00 X:0F Y:00 P:24 SP:FB
INFO [nes::cpu] F5BA  10 0C     BPL A:00 X:0F Y:00 P:24 SP:FB
INFO [nes::cpu] F5C8  21 2D     AND A:00 X:0F Y:00 P:24 SP:FB
INFO [nes::cpu] F5CA  0F 3F     SLO A:00 X:0F Y:00 P:26 SP:FB
