INFO [src\cpu.rs] C000  4C F5     JMP A:00 X:00 Y:00 P:24 SP:FD
INFO [src\cpu.rs] C5F5  A2 00     LDX A:00 X:00 Y:00 P:24 SP:FD
INFO [src\cpu.rs] C5F7  86 00     STX A:00 X:00 Y:00 P:26 SP:FD
INFO [src\cpu.rs] C5F9  86 10     STX A:00 X:00 Y:00 P:26 SP:FD
INFO [src\cpu.rs] C5FB  86 11     STX A:00 X:00 Y:00 P:26 SP:FD
INFO [src\cpu.rs] C5FD  20 2D     JSR A:00 X:00 Y:00 P:26 SP:FD
DEBUG [src\cpu.rs] c72d
INFO [src\cpu.rs] C72D  EA 38     NOP A:00 X:00 Y:00 P:26 SP:FB
INFO [src\cpu.rs] C72E  38 B0     SEC A:00 X:00 Y:00 P:26 SP:FB
INFO [src\cpu.rs] C72F  B0 04     BCS A:00 X:00 Y:00 P:27 SP:FB
INFO [src\cpu.rs] C735  EA 18     NOP A:00 X:00 Y:00 P:27 SP:FB
INFO [src\cpu.rs] C736  18 B0     CLC A:00 X:00 Y:00 P:27 SP:FB
INFO [src\cpu.rs] C737  B0 03     BCS A:00 X:00 Y:00 P:26 SP:FB
INFO [src\cpu.rs] C739  4C 40     JMP A:00 X:00 Y:00 P:26 SP:FB
INFO [src\cpu.rs] C740  EA 38     NOP A:00 X:00 Y:00 P:26 SP:FB
INFO [src\cpu.rs] C741  38 90     SEC A:00 X:00 Y:00 P:26 SP:FB
INFO [src\cpu.rs] C742  90 03     BCC A:00 X:00 Y:00 P:27 SP:FB
INFO [src\cpu.rs] C744  4C 4B     JMP A:00 X:00 Y:00 P:27 SP:FB
INFO [src\cpu.rs] C74B  EA 18     NOP A:00 X:00 Y:00 P:27 SP:FB
INFO [src\cpu.rs] C74C  18 90     CLC A:00 X:00 Y:00 P:27 SP:FB
INFO [src\cpu.rs] C74D  90 04     BCC A:00 X:00 Y:00 P:26 SP:FB
INFO [src\cpu.rs] C74F  A2 04     LDX A:00 X:00 Y:00 P:26 SP:FB
INFO [src\cpu.rs] C751  86 00     STX A:00 X:00 Y:00 P:26 SP:FB
INFO [src\cpu.rs] C753  EA A9     NOP A:00 X:00 Y:00 P:26 SP:FB
INFO [src\cpu.rs] C754  A9 00     LDA A:00 X:00 Y:00 P:26 SP:FB
INFO [src\cpu.rs] C756  F0 04     BEQ A:00 X:00 Y:00 P:26 SP:FB
INFO [src\cpu.rs] C758  A2 05     LDX A:00 X:00 Y:00 P:26 SP:FB
INFO [src\cpu.rs] C75A  86 00     STX A:00 X:00 Y:00 P:26 SP:FB
INFO [src\cpu.rs] C75C  EA A9     NOP A:00 X:00 Y:00 P:26 SP:FB
INFO [src\cpu.rs] C75D  A9 40     LDA A:00 X:00 Y:00 P:26 SP:FB
INFO [src\cpu.rs] C75F  F0 03     BEQ A:00 X:00 Y:00 P:26 SP:FB
INFO [src\cpu.rs] C761  4C 68     JMP A:00 X:00 Y:00 P:26 SP:FB
INFO [src\cpu.rs] C768  EA A9     NOP A:00 X:00 Y:00 P:26 SP:FB
INFO [src\cpu.rs] C769  A9 40     LDA A:00 X:00 Y:00 P:26 SP:FB
INFO [src\cpu.rs] C76B  D0 04     BNE A:00 X:00 Y:00 P:26 SP:FB
INFO [src\cpu.rs] C76D  A2 07     LDX A:00 X:00 Y:00 P:26 SP:FB
INFO [src\cpu.rs] C76F  86 00     STX A:00 X:00 Y:00 P:26 SP:FB
INFO [src\cpu.rs] C771  EA A9     NOP A:00 X:00 Y:00 P:26 SP:FB
INFO [src\cpu.rs] C772  A9 00     LDA A:00 X:00 Y:00 P:26 SP:FB
INFO [src\cpu.rs] C774  D0 03     BNE A:00 X:00 Y:00 P:26 SP:FB
INFO [src\cpu.rs] C776  4C 7D     JMP A:00 X:00 Y:00 P:26 SP:FB
INFO [src\cpu.rs] C77D  EA A9     NOP A:00 X:00 Y:00 P:26 SP:FB
INFO [src\cpu.rs] C77E  A9 FF     LDA A:00 X:00 Y:00 P:26 SP:FB
INFO [src\cpu.rs] C780  85 01     STA A:00 X:00 Y:00 P:26 SP:FB
INFO [src\cpu.rs] C782  24 01     BIT A:00 X:00 Y:00 P:26 SP:FB
INFO [src\cpu.rs] C784  70 04     BVS A:00 X:00 Y:00 P:26 SP:FB
INFO [src\cpu.rs] C786  A2 09     LDX A:00 X:00 Y:00 P:26 SP:FB
INFO [src\cpu.rs] C788  86 00     STX A:00 X:00 Y:00 P:26 SP:FB
INFO [src\cpu.rs] C78A  EA 24     NOP A:00 X:00 Y:00 P:26 SP:FB
INFO [src\cpu.rs] C78B  24 01     BIT A:00 X:00 Y:00 P:26 SP:FB
INFO [src\cpu.rs] C78D  50 03     BVC A:00 X:00 Y:00 P:26 SP:FB
INFO [src\cpu.rs] C78F  4C 96     JMP A:00 X:00 Y:00 P:26 SP:FB
INFO [src\cpu.rs] C796  EA A9     NOP A:00 X:00 Y:00 P:26 SP:FB
INFO [src\cpu.rs] C797  A9 00     LDA A:00 X:00 Y:00 P:26 SP:FB
INFO [src\cpu.rs] C799  85 01     STA A:00 X:00 Y:00 P:26 SP:FB
INFO [src\cpu.rs] C79B  24 01     BIT A:00 X:00 Y:00 P:26 SP:FB
INFO [src\cpu.rs] C79D  50 04     BVC A:00 X:00 Y:00 P:26 SP:FB
INFO [src\cpu.rs] C79F  A2 0B     LDX A:00 X:00 Y:00 P:26 SP:FB
INFO [src\cpu.rs] C7A1  86 00     STX A:00 X:00 Y:00 P:26 SP:FB
INFO [src\cpu.rs] C7A3  EA 24     NOP A:00 X:00 Y:00 P:26 SP:FB
INFO [src\cpu.rs] C7A4  24 01     BIT A:00 X:00 Y:00 P:26 SP:FB
INFO [src\cpu.rs] C7A6  70 03     BVS A:00 X:00 Y:00 P:26 SP:FB
INFO [src\cpu.rs] C7A8  4C AF     JMP A:00 X:00 Y:00 P:26 SP:FB
INFO [src\cpu.rs] C7AF  EA A9     NOP A:00 X:00 Y:00 P:26 SP:FB
INFO [src\cpu.rs] C7B0  A9 00     LDA A:00 X:00 Y:00 P:26 SP:FB
INFO [src\cpu.rs] C7B2  10 04     BPL A:00 X:00 Y:00 P:26 SP:FB
INFO [src\cpu.rs] C7B4  A2 0D     LDX A:00 X:00 Y:00 P:26 SP:FB
INFO [src\cpu.rs] C7B6  86 00     STX A:00 X:00 Y:00 P:26 SP:FB
INFO [src\cpu.rs] C7B8  EA A9     NOP A:00 X:00 Y:00 P:26 SP:FB
INFO [src\cpu.rs] C7B9  A9 80     LDA A:00 X:00 Y:00 P:26 SP:FB
INFO [src\cpu.rs] C7BB  10 03     BPL A:00 X:00 Y:00 P:26 SP:FB
INFO [src\cpu.rs] C7BD  4C D9     JMP A:00 X:00 Y:00 P:26 SP:FB
INFO [src\cpu.rs] C7D9  EA 60     NOP A:00 X:00 Y:00 P:26 SP:FB
INFO [src\cpu.rs] C7DA  60 EA     RTS A:00 X:00 Y:00 P:26 SP:FB
INFO [src\cpu.rs] C5FE  2D C7     AND A:00 X:00 Y:00 P:26 SP:FD
INFO [src\cpu.rs] C5FF  C7 20     Opcode not in print table, or invalid opcode A:00 X:00 Y:00 P:26 SP:FD
